{"/Users/dany/Desktop/kurso-back/src/hello.js": {"path":"/Users/dany/Desktop/kurso-back/src/hello.js","statementMap":{"0":{"start":{"line":2,"column":4},"end":{"line":2,"column":18}}},"fnMap":{"0":{"name":"hello","decl":{"start":{"line":1,"column":24},"end":{"line":1,"column":29}},"loc":{"start":{"line":1,"column":31},"end":{"line":3,"column":1}},"line":1}},"branchMap":{},"s":{"0":1},"f":{"0":1},"b":{},"_coverageSchema":"1a1c01bbd47fc00a2c39e90264f33305004495a9","hash":"ba794cb687adb6b634e57096f13643077f98669a"}
}
